20240626-19:49:04: Session FIX.4.4:FIX_SERVER->CLIENTE_EXCEL schedule is daily, 00:00:00-UTC - 23:59:59-UTC
20240626-19:49:04: Created session: FIX.4.4:FIX_SERVER->CLIENTE_EXCEL
20240626-20:04:21: Accepting session FIX.4.4:FIX_SERVER->CLIENTE_EXCEL from /127.0.0.1:60790
20240626-20:04:21: Acceptor heartbeat set to 30 seconds
20240626-20:04:21: Logon contains ResetSeqNumFlag=Y, resetting sequence numbers to 1
20240626-20:04:21: Received logon
20240626-20:04:21: Responding to Logon request
20240626-20:06:02: Disconnecting: Socket exception (/127.0.0.1:60790): java.net.SocketException: Connection reset
20240626-22:07:52: Session FIX.4.4:FIX_SERVER->CLIENTE_EXCEL schedule is daily, 00:00:00-UTC - 23:59:59-UTC
20240626-22:07:52: Created session: FIX.4.4:FIX_SERVER->CLIENTE_EXCEL
20240626-22:11:19: Accepting session FIX.4.4:FIX_SERVER->CLIENTE_EXCEL from /127.0.0.1:62505
20240626-22:11:19: Acceptor heartbeat set to 30 seconds
20240626-22:11:19: Logon contains ResetSeqNumFlag=Y, resetting sequence numbers to 1
20240626-22:11:19: Received logon
20240626-22:11:19: Responding to Logon request
20240626-22:17:46: Disconnecting: Socket exception (/127.0.0.1:62505): java.net.SocketException: Connection reset
20240626-22:18:49: Accepting session FIX.4.4:FIX_SERVER->CLIENTE_EXCEL from /127.0.0.1:62653
20240626-22:18:49: Acceptor heartbeat set to 30 seconds
20240626-22:18:49: Logon contains ResetSeqNumFlag=Y, resetting sequence numbers to 1
20240626-22:18:49: Received logon
20240626-22:18:49: Responding to Logon request
20240626-22:22:20: Disconnecting: Socket exception (/127.0.0.1:62653): java.net.SocketException: Connection reset
20240626-22:23:28: Session FIX.4.4:FIX_SERVER->CLIENTE_EXCEL schedule is daily, 00:00:00-UTC - 23:59:59-UTC
20240626-22:23:28: Created session: FIX.4.4:FIX_SERVER->CLIENTE_EXCEL
20240626-22:25:46: Accepting session FIX.4.4:FIX_SERVER->CLIENTE_EXCEL from /127.0.0.1:62764
20240626-22:25:46: Acceptor heartbeat set to 30 seconds
20240626-22:25:46: Logon contains ResetSeqNumFlag=Y, resetting sequence numbers to 1
20240626-22:25:46: Received logon
20240626-22:25:46: Responding to Logon request
20240626-22:29:03: Disconnecting: Socket exception (/127.0.0.1:62764): java.net.SocketException: Connection reset
20240626-22:54:46: Session FIX.4.4:FIX_SERVER->CLIENTE_EXCEL schedule is daily, 00:00:00-UTC - 23:59:59-UTC
20240626-22:54:46: Created session: FIX.4.4:FIX_SERVER->CLIENTE_EXCEL
20240626-23:00:07: Accepting session FIX.4.4:FIX_SERVER->CLIENTE_EXCEL from /127.0.0.1:63449
20240626-23:00:07: Acceptor heartbeat set to 30 seconds
20240626-23:00:07: Logon contains ResetSeqNumFlag=Y, resetting sequence numbers to 1
20240626-23:00:07: Received logon
20240626-23:00:07: Responding to Logon request
20240626-23:02:33: Initiated logout request
20240626-23:02:33: Received logout response
20240626-23:02:33: Disconnecting: Received logout response
20240626-23:04:35: Session FIX.4.4:FIX_SERVER->CLIENTE_EXCEL schedule is daily, 00:00:00-UTC - 23:59:59-UTC
20240626-23:04:35: Created session: FIX.4.4:FIX_SERVER->CLIENTE_EXCEL
20240626-23:06:26: Accepting session FIX.4.4:FIX_SERVER->CLIENTE_EXCEL from /127.0.0.1:63653
20240626-23:06:26: Acceptor heartbeat set to 30 seconds
20240626-23:06:26: Logon contains ResetSeqNumFlag=Y, resetting sequence numbers to 1
20240626-23:06:26: Received logon
20240626-23:06:26: Responding to Logon request
20240626-23:19:41: Disconnecting: Socket exception (/127.0.0.1:63653): java.net.SocketException: Connection reset
20240626-23:37:02: Session FIX.4.4:FIX_SERVER->CLIENTE_EXCEL schedule is daily, 00:00:00-UTC - 23:59:59-UTC
20240626-23:37:02: Created session: FIX.4.4:FIX_SERVER->CLIENTE_EXCEL
20240626-23:41:31: Accepting session FIX.4.4:FIX_SERVER->CLIENTE_EXCEL from /127.0.0.1:64055
20240626-23:41:31: Acceptor heartbeat set to 30 seconds
20240626-23:41:31: Logon contains ResetSeqNumFlag=Y, resetting sequence numbers to 1
20240626-23:41:31: Received logon
20240626-23:41:31: Responding to Logon request
20240626-23:43:59: Disconnecting: Socket exception (/127.0.0.1:64055): java.net.SocketException: Connection reset
20240627-00:04:05: Session FIX.4.4:FIX_SERVER->CLIENTE_EXCEL schedule is daily, 00:00:00-UTC - 23:59:59-UTC
20240627-00:04:05: Session state is not current; resetting FIX.4.4:FIX_SERVER->CLIENTE_EXCEL
20240627-00:04:05: Created session: FIX.4.4:FIX_SERVER->CLIENTE_EXCEL
20240627-00:05:00: Accepting session FIX.4.4:FIX_SERVER->CLIENTE_EXCEL from /127.0.0.1:64322
20240627-00:05:00: Acceptor heartbeat set to 30 seconds
20240627-00:05:00: Logon contains ResetSeqNumFlag=Y, resetting sequence numbers to 1
20240627-00:05:00: Received logon
20240627-00:05:00: Responding to Logon request
20240627-00:05:57: Sent test request TEST
20240627-00:06:24: Disconnecting: Timed out waiting for heartbeat
20240627-00:08:55: Session FIX.4.4:FIX_SERVER->CLIENTE_EXCEL schedule is daily, 00:00:00-UTC - 23:59:59-UTC
20240627-00:08:55: Created session: FIX.4.4:FIX_SERVER->CLIENTE_EXCEL
20240627-00:09:04: Accepting session FIX.4.4:FIX_SERVER->CLIENTE_EXCEL from /127.0.0.1:64435
20240627-00:09:04: Acceptor heartbeat set to 30 seconds
20240627-00:09:04: Logon contains ResetSeqNumFlag=Y, resetting sequence numbers to 1
20240627-00:09:05: Received logon
20240627-00:09:05: Responding to Logon request
20240627-00:17:17: Session FIX.4.4:FIX_SERVER->CLIENTE_EXCEL schedule is daily, 00:00:00-UTC - 23:59:59-UTC
20240627-00:17:17: Created session: FIX.4.4:FIX_SERVER->CLIENTE_EXCEL
20240627-00:18:02: Accepting session FIX.4.4:FIX_SERVER->CLIENTE_EXCEL from /127.0.0.1:64567
20240627-00:18:02: Acceptor heartbeat set to 30 seconds
20240627-00:18:02: Logon contains ResetSeqNumFlag=Y, resetting sequence numbers to 1
20240627-00:18:02: Received logon
20240627-00:18:02: Responding to Logon request
20240627-00:18:57: Sent test request TEST
20240627-00:19:24: Disconnecting: Timed out waiting for heartbeat
20240627-00:26:32: Session FIX.4.4:FIX_SERVER->CLIENTE_EXCEL schedule is daily, 00:00:00-UTC - 23:59:59-UTC
20240627-00:26:32: Created session: FIX.4.4:FIX_SERVER->CLIENTE_EXCEL
20240627-00:27:08: Accepting session FIX.4.4:FIX_SERVER->CLIENTE_EXCEL from /127.0.0.1:64681
20240627-00:27:08: Acceptor heartbeat set to 30 seconds
20240627-00:27:08: Logon contains ResetSeqNumFlag=Y, resetting sequence numbers to 1
20240627-00:27:08: Received logon
20240627-00:27:08: Responding to Logon request
20240627-00:28:02: Sent test request TEST
20240627-00:30:24: Disconnecting: Socket exception (/127.0.0.1:64681): java.net.SocketException: Connection reset
20240627-00:32:50: Session FIX.4.4:FIX_SERVER->CLIENTE_EXCEL schedule is daily, 00:00:00-UTC - 23:59:59-UTC
20240627-00:32:50: Created session: FIX.4.4:FIX_SERVER->CLIENTE_EXCEL
20240627-00:33:22: Accepting session FIX.4.4:FIX_SERVER->CLIENTE_EXCEL from /127.0.0.1:64771
20240627-00:33:22: Acceptor heartbeat set to 30 seconds
20240627-00:33:22: Logon contains ResetSeqNumFlag=Y, resetting sequence numbers to 1
20240627-00:33:22: Received logon
20240627-00:33:22: Responding to Logon request
20240627-00:34:07: Disconnecting: Socket exception (/127.0.0.1:64771): java.net.SocketException: Connection reset
20240627-00:35:49: Accepting session FIX.4.4:FIX_SERVER->CLIENTE_EXCEL from /127.0.0.1:64813
20240627-00:35:49: Acceptor heartbeat set to 30 seconds
20240627-00:35:49: Logon contains ResetSeqNumFlag=Y, resetting sequence numbers to 1
20240627-00:35:49: Received logon
20240627-00:35:49: Responding to Logon request
20240627-00:37:49: Sent test request TEST
20240627-00:38:40: Sent test request TEST
20240627-00:39:06: Disconnecting: Socket exception (/127.0.0.1:64813): java.net.SocketException: Connection reset
20240827-01:04:03: Session FIX.4.4:FIX_SERVER->CLIENTE_EXCEL schedule is daily, 00:00:00-UTC - 23:59:59-UTC
20240827-01:04:03: Session state is not current; resetting FIX.4.4:FIX_SERVER->CLIENTE_EXCEL
20240827-01:04:03: Created session: FIX.4.4:FIX_SERVER->CLIENTE_EXCEL
20240827-01:10:07: Session FIX.4.4:FIX_SERVER->CLIENTE_EXCEL schedule is daily, 00:00:00-UTC - 23:59:59-UTC
20240827-01:10:07: Created session: FIX.4.4:FIX_SERVER->CLIENTE_EXCEL
20240827-01:14:20: Session FIX.4.4:FIX_SERVER->CLIENTE_EXCEL schedule is daily, 00:00:00-UTC - 23:59:59-UTC
20240827-01:14:20: Created session: FIX.4.4:FIX_SERVER->CLIENTE_EXCEL
20240827-01:19:49: Session FIX.4.4:FIX_SERVER->CLIENTE_EXCEL schedule is daily, 00:00:00-UTC - 23:59:59-UTC
20240827-01:19:49: Created session: FIX.4.4:FIX_SERVER->CLIENTE_EXCEL
20240827-01:22:07: Accepting session FIX.4.4:FIX_SERVER->CLIENTE_EXCEL from /127.0.0.1:59428
20240827-01:22:07: Acceptor heartbeat set to 30 seconds
20240827-01:22:07: Logon contains ResetSeqNumFlag=Y, resetting sequence numbers to 1
20240827-01:22:07: Received logon
20240827-01:22:07: Responding to Logon request
20240827-01:23:39: Initiated logout request
20240827-01:23:39: Received logout response
20240827-01:23:39: Disconnecting: Received logout response
20240827-01:27:27: Session FIX.4.4:FIX_SERVER->CLIENTE_EXCEL schedule is daily, 00:00:00-UTC - 23:59:59-UTC
20240827-01:27:27: Created session: FIX.4.4:FIX_SERVER->CLIENTE_EXCEL
20240827-01:28:40: Session FIX.4.4:FIX_SERVER->CLIENTE_EXCEL schedule is daily, 00:00:00-UTC - 23:59:59-UTC
20240827-01:28:40: Created session: FIX.4.4:FIX_SERVER->CLIENTE_EXCEL
20240827-01:29:43: Accepting session FIX.4.4:FIX_SERVER->CLIENTE_EXCEL from /127.0.0.1:59655
20240827-01:29:43: Acceptor heartbeat set to 30 seconds
20240827-01:29:43: Logon contains ResetSeqNumFlag=Y, resetting sequence numbers to 1
20240827-01:29:44: Received logon
20240827-01:29:44: Responding to Logon request
20240827-01:32:31: Session FIX.4.4:FIX_SERVER->CLIENTE_EXCEL schedule is daily, 00:00:00-UTC - 23:59:59-UTC
20240827-01:32:31: Created session: FIX.4.4:FIX_SERVER->CLIENTE_EXCEL
20240827-01:32:53: Accepting session FIX.4.4:FIX_SERVER->CLIENTE_EXCEL from /127.0.0.1:59755
20240827-01:32:53: Acceptor heartbeat set to 30 seconds
20240827-01:32:53: Logon contains ResetSeqNumFlag=Y, resetting sequence numbers to 1
20240827-01:32:53: Received logon
20240827-01:32:53: Responding to Logon request
20240827-01:35:55: Session FIX.4.4:FIX_SERVER->CLIENTE_EXCEL schedule is daily, 00:00:00-UTC - 23:59:59-UTC
20240827-01:35:55: Created session: FIX.4.4:FIX_SERVER->CLIENTE_EXCEL
20240827-01:36:21: Accepting session FIX.4.4:FIX_SERVER->CLIENTE_EXCEL from /127.0.0.1:59823
20240827-01:36:21: Acceptor heartbeat set to 30 seconds
20240827-01:36:21: Logon contains ResetSeqNumFlag=Y, resetting sequence numbers to 1
20240827-01:36:21: Received logon
20240827-01:36:21: Responding to Logon request
20240827-01:40:31: Session FIX.4.4:FIX_SERVER->CLIENTE_EXCEL schedule is daily, 00:00:00-UTC - 23:59:59-UTC
20240827-01:40:31: Created session: FIX.4.4:FIX_SERVER->CLIENTE_EXCEL
20240827-01:40:59: Accepting session FIX.4.4:FIX_SERVER->CLIENTE_EXCEL from /127.0.0.1:59969
20240827-01:40:59: Acceptor heartbeat set to 30 seconds
20240827-01:40:59: Logon contains ResetSeqNumFlag=Y, resetting sequence numbers to 1
20240827-01:40:59: Received logon
20240827-01:40:59: Responding to Logon request
20240827-01:41:52: Sent test request TEST
20240827-01:47:58: Session FIX.4.4:FIX_SERVER->CLIENTE_EXCEL schedule is daily, 00:00:00-UTC - 23:59:59-UTC
20240827-01:47:58: Created session: FIX.4.4:FIX_SERVER->CLIENTE_EXCEL
20240827-01:48:12: Accepting session FIX.4.4:FIX_SERVER->CLIENTE_EXCEL from /127.0.0.1:60624
20240827-01:48:12: Acceptor heartbeat set to 30 seconds
20240827-01:48:12: Logon contains ResetSeqNumFlag=Y, resetting sequence numbers to 1
20240827-01:48:12: Received logon
20240827-01:48:12: Responding to Logon request
20240827-01:49:02: Sent test request TEST
20240827-01:49:57: Initiated logout request
20240827-01:49:57: Received logout response
20240827-01:49:57: Disconnecting: Received logout response
20240827-01:56:30: Session FIX.4.4:FIX_SERVER->CLIENTE_EXCEL schedule is daily, 00:00:00-UTC - 23:59:59-UTC
20240827-01:56:30: Created session: FIX.4.4:FIX_SERVER->CLIENTE_EXCEL
20240827-01:57:34: Accepting session FIX.4.4:FIX_SERVER->CLIENTE_EXCEL from /127.0.0.1:61034
20240827-01:57:34: Acceptor heartbeat set to 30 seconds
20240827-01:57:34: Logon contains ResetSeqNumFlag=Y, resetting sequence numbers to 1
20240827-01:57:34: Received logon
20240827-01:57:34: Responding to Logon request
20240827-01:58:31: Sent test request TEST
20240827-02:10:36: Initiated logout request
20240827-02:10:36: Received logout response
20240827-02:10:36: Disconnecting: Received logout response
20240827-02:10:49: Session FIX.4.4:FIX_SERVER->CLIENTE_EXCEL schedule is daily, 00:00:00-UTC - 23:59:59-UTC
20240827-02:10:49: Created session: FIX.4.4:FIX_SERVER->CLIENTE_EXCEL
20240827-02:11:10: Accepting session FIX.4.4:FIX_SERVER->CLIENTE_EXCEL from /127.0.0.1:62166
20240827-02:11:10: Acceptor heartbeat set to 30 seconds
20240827-02:11:10: Logon contains ResetSeqNumFlag=Y, resetting sequence numbers to 1
20240827-02:11:10: Received logon
20240827-02:11:10: Responding to Logon request
20240827-02:12:03: Sent test request TEST
20240827-02:20:04: Initiated logout request
20240827-02:20:04: Received logout response
20240827-02:20:04: Disconnecting: Received logout response
20240827-02:20:26: Session FIX.4.4:FIX_SERVER->CLIENTE_EXCEL schedule is daily, 00:00:00-UTC - 23:59:59-UTC
20240827-02:20:26: Created session: FIX.4.4:FIX_SERVER->CLIENTE_EXCEL
20240827-02:20:38: Accepting session FIX.4.4:FIX_SERVER->CLIENTE_EXCEL from /127.0.0.1:64412
20240827-02:20:38: Acceptor heartbeat set to 30 seconds
20240827-02:20:38: Logon contains ResetSeqNumFlag=Y, resetting sequence numbers to 1
20240827-02:20:38: Received logon
20240827-02:20:38: Responding to Logon request
20240827-02:20:57: Initiated logout request
20240827-02:20:57: Received logout response
20240827-02:20:57: Disconnecting: Received logout response
